<?xml version="1.0" encoding="UTF-8"?>
<beans xmlns="http://www.springframework.org/schema/beans"
    xmlns:xsi="http://www.w3.org/2001/XMLSchema-instance" xmlns:p="http://www.springframework.org/schema/p"
    xsi:schemaLocation="http://www.springframework.org/schema/beans http://www.springframework.org/schema/beans/spring-beans-3.0.xsd">

    <bean id="defaultValueContact" class="com.intertech.domain.Contact"/>

    <bean id="contact1" class="com.intertech.domain.Contact">
        <property name="firstName" value="Jim" />
        <property name="lastName" value="White" />
        <property name="dateOfBirth" value="#{'1964/1/20'}" />
        <property name="married" value="true" />
        <property name="children" value="0" />
    </bean>

    <bean id="contact2" class="com.intertech.domain.Contact">
        <property name="firstName" value="Joe" />
        <property name="lastName" value="Somebody" />
        <property name="dateOfBirth" value="#{'1984/12/16'}" />
        <property name="married" value="true" />
        <property name="children" value="6" />
    </bean>

    <bean id="contact3" class="com.intertech.domain.Contact"
        p:firstName="Tomer" p:lastName="Silverman" p:dateOfBirth="#{'1969/2/6'}"
        p:married="false" p:children="0" autowire-candidate="true" />

    <bean id="testList" class="com.intertech.domain.ContactList" />

</beans>